<?xml version="1.0" encoding="UTF-8"?>
<robot generator="Robot 7.3.2 (Python 3.12.3 on linux)" generated="2025-11-17T21:00:41.608042" rpa="false" schemaversion="5">
<suite id="s1" name="Login" source="/home/mojomojo/palautusrepositorio/viikko3/login/src/tests/login.robot">
<kw name="Open And Configure Browser" owner="resource" type="SETUP">
<if>
<branch type="IF" condition="$BROWSER == 'chrome'">
<kw name="Evaluate" owner="BuiltIn">
<msg time="2025-11-17T21:00:41.706784" level="INFO">${options} = &lt;selenium.webdriver.chrome.options.Options object at 0x762728125a90&gt;</msg>
<var>${options}</var>
<arg>sys.modules['selenium.webdriver'].ChromeOptions()</arg>
<arg>sys</arg>
<doc>Evaluates the given expression in Python and returns the result.</doc>
<status status="PASS" start="2025-11-17T21:00:41.706371" elapsed="0.000454"/>
</kw>
<kw name="Call Method" owner="BuiltIn">
<arg>${options}</arg>
<arg>add_argument</arg>
<arg>--incognito</arg>
<doc>Calls the named method of the given object with the provided arguments.</doc>
<status status="PASS" start="2025-11-17T21:00:41.706953" elapsed="0.000138"/>
</kw>
<status status="PASS" start="2025-11-17T21:00:41.705439" elapsed="0.001692"/>
</branch>
<branch type="ELSE IF" condition="$BROWSER == 'firefox'">
<kw name="Evaluate" owner="BuiltIn">
<var>${options}</var>
<arg>sys.modules['selenium.webdriver'].FirefoxOptions()</arg>
<arg>sys</arg>
<doc>Evaluates the given expression in Python and returns the result.</doc>
<status status="NOT RUN" start="2025-11-17T21:00:41.707252" elapsed="0.000020"/>
</kw>
<kw name="Call Method" owner="BuiltIn">
<arg>${options}</arg>
<arg>add_argument</arg>
<arg>--private-window</arg>
<doc>Calls the named method of the given object with the provided arguments.</doc>
<status status="NOT RUN" start="2025-11-17T21:00:41.707342" elapsed="0.000018"/>
</kw>
<status status="NOT RUN" start="2025-11-17T21:00:41.707165" elapsed="0.000220"/>
</branch>
<status status="PASS" start="2025-11-17T21:00:41.705409" elapsed="0.002000"/>
</if>
<if>
<branch type="IF" condition="$HEADLESS == 'true'">
<kw name="Set Selenium Speed" owner="SeleniumLibrary">
<arg>0.05 seconds</arg>
<doc>Sets the delay that is waited after each Selenium command.</doc>
<status status="NOT RUN" start="2025-11-17T21:00:41.707600" elapsed="0.000018"/>
</kw>
<kw name="Call Method" owner="BuiltIn">
<arg>${options}</arg>
<arg>add_argument</arg>
<arg>--headless</arg>
<doc>Calls the named method of the given object with the provided arguments.</doc>
<status status="NOT RUN" start="2025-11-17T21:00:41.707690" elapsed="0.000170"/>
</kw>
<status status="NOT RUN" start="2025-11-17T21:00:41.707450" elapsed="0.000440"/>
</branch>
<branch type="ELSE">
<kw name="Set Selenium Speed" owner="SeleniumLibrary">
<arg>${DELAY}</arg>
<doc>Sets the delay that is waited after each Selenium command.</doc>
<status status="PASS" start="2025-11-17T21:00:41.707989" elapsed="0.000202"/>
</kw>
<status status="PASS" start="2025-11-17T21:00:41.707915" elapsed="0.000308"/>
</branch>
<status status="PASS" start="2025-11-17T21:00:41.707439" elapsed="0.000807"/>
</if>
<kw name="Open Browser" owner="SeleniumLibrary">
<msg time="2025-11-17T21:00:41.708500" level="INFO">Opening browser 'chrome' to base url 'None'.</msg>
<arg>browser=${BROWSER}</arg>
<arg>options=${options}</arg>
<doc>Opens a new browser instance to the optional ``url``.</doc>
<status status="PASS" start="2025-11-17T21:00:41.708320" elapsed="0.359412"/>
</kw>
<status status="PASS" start="2025-11-17T21:00:41.705113" elapsed="0.362726"/>
</kw>
<test id="s1-t1" name="Login With Nonexistent Username" line="20">
<kw name="Reset Application Create User And Go To Login Page" type="SETUP">
<kw name="Reset Application" owner="AppLibrary">
<status status="PASS" start="2025-11-17T21:00:42.068570" elapsed="0.004498"/>
</kw>
<kw name="Create User" owner="AppLibrary">
<arg>kalle</arg>
<arg>kalle123</arg>
<status status="PASS" start="2025-11-17T21:00:42.073392" elapsed="0.011541"/>
</kw>
<kw name="Go To Login Page" owner="resource">
<kw name="Go To" owner="SeleniumLibrary">
<msg time="2025-11-17T21:00:42.085474" level="INFO">Opening url 'http://localhost:5001/login'</msg>
<arg>${LOGIN_URL}</arg>
<doc>Navigates the current browser window to the provided ``url``.</doc>
<status status="PASS" start="2025-11-17T21:00:42.085348" elapsed="0.577410"/>
</kw>
<status status="PASS" start="2025-11-17T21:00:42.085143" elapsed="0.578020"/>
</kw>
<status status="PASS" start="2025-11-17T21:00:42.068306" elapsed="0.595041"/>
</kw>
<kw name="Set Username">
<kw name="Input Text" owner="SeleniumLibrary">
<msg time="2025-11-17T21:00:42.667347" level="INFO">Typing text 'sepi' into text field 'username'.</msg>
<arg>username</arg>
<arg>${username}</arg>
<doc>Types the given ``text`` into the text field identified by ``locator``.</doc>
<status status="PASS" start="2025-11-17T21:00:42.665603" elapsed="1.630921"/>
</kw>
<arg>sepi</arg>
<status status="PASS" start="2025-11-17T21:00:42.664135" elapsed="1.632815"/>
</kw>
<kw name="Set Password">
<kw name="Input Password" owner="SeleniumLibrary">
<msg time="2025-11-17T21:00:44.299093" level="INFO">Typing password into text field 'password'.</msg>
<msg time="2025-11-17T21:00:45.349311" level="INFO">Temporally setting log level to: NONE</msg>
<arg>password</arg>
<arg>${password}</arg>
<doc>Types the given password into the text field identified by ``locator``.</doc>
<status status="PASS" start="2025-11-17T21:00:44.298540" elapsed="1.608785"/>
</kw>
<arg>sepi123</arg>
<status status="PASS" start="2025-11-17T21:00:44.297695" elapsed="1.610196"/>
</kw>
<kw name="Click Button" owner="SeleniumLibrary">
<msg time="2025-11-17T21:00:45.909354" level="INFO">Clicking button 'Login'.</msg>
<arg>Login</arg>
<doc>Clicks the button identified by ``locator``.</doc>
<status status="PASS" start="2025-11-17T21:00:45.908636" elapsed="2.137469"/>
</kw>
<kw name="Login Should Fail With Message">
<kw name="Login Page Should Be Open" owner="resource">
<kw name="Title Should Be" owner="SeleniumLibrary">
<msg time="2025-11-17T21:00:48.563423" level="INFO">Page title is 'Login'.</msg>
<arg>Login</arg>
<doc>Verifies that the current page title equals ``title``.</doc>
<status status="PASS" start="2025-11-17T21:00:48.050534" elapsed="0.513326"/>
</kw>
<status status="PASS" start="2025-11-17T21:00:48.049612" elapsed="0.514591"/>
</kw>
<kw name="Page Should Contain" owner="SeleniumLibrary">
<msg time="2025-11-17T21:00:49.593886" level="INFO">Current page contains text 'User does not exist'.</msg>
<arg>${message}</arg>
<doc>Verifies that current page contains ``text``.</doc>
<status status="PASS" start="2025-11-17T21:00:48.564694" elapsed="1.029599"/>
</kw>
<arg>User does not exist</arg>
<status status="PASS" start="2025-11-17T21:00:48.047699" elapsed="1.547024"/>
</kw>
<status status="PASS" start="2025-11-17T21:00:42.067908" elapsed="7.527938"/>
</test>
<kw name="Close Browser" owner="SeleniumLibrary" type="TEARDOWN">
<doc>Closes the current browser.</doc>
<status status="PASS" start="2025-11-17T21:00:49.597416" elapsed="0.580875"/>
</kw>
<status status="PASS" start="2025-11-17T21:00:41.608605" elapsed="8.569789"/>
</suite>
<statistics>
<total>
<stat pass="1" fail="0" skip="0">All Tests</stat>
</total>
<tag>
</tag>
<suite>
<stat name="Login" id="s1" pass="1" fail="0" skip="0">Login</stat>
</suite>
</statistics>
<errors>
</errors>
</robot>
